2025-05-21 13:42:54 - INFO app - Testing coffee machine...
2025-05-21 13:42:54 - ERROR app - Coffee machine test failed 'coffe_machine'
2025-05-21 13:43:08 - INFO app - Operator GUI closed
2025-05-21 13:43:34 - INFO app - Testing coffee machine...
2025-05-21 13:44:09 - INFO app - Testing coffee machine...
2025-05-21 13:44:10 - INFO app - Testing coffee machine...
2025-05-21 13:44:10 - INFO app - Testing coffee machine...
2025-05-21 13:44:11 - INFO app - Testing coffee machine...
2025-05-21 13:44:13 - INFO app - Operator GUI closed
2025-05-21 13:48:20 - INFO app - Testing coffee machine...
2025-05-21 13:48:44 - INFO app - Application closed
2025-05-21 13:57:28 - INFO app - Testing coffee machine...
2025-05-21 13:58:39 - INFO app - Testing coffee machine...
2025-05-21 13:58:47 - INFO app - Application closed
2025-05-21 14:12:23 - INFO app - Testing coffee machine...
2025-05-21 14:13:05 - INFO app - Application closed
2025-05-21 14:25:05 - INFO app - Application closed
2025-05-21 14:27:08 - INFO app - Application closed
2025-05-21 14:27:54 - INFO app - Testing coffee machine...
2025-05-21 14:27:55 - INFO app - Testing arm...
2025-05-21 14:27:56 - INFO app - Testing arm...
2025-05-21 14:27:57 - INFO app - Testing coffee machine...
2025-05-21 14:27:59 - INFO app - Application closed
2025-05-21 14:29:20 - INFO app - Testing arm...
2025-05-21 14:29:20 - INFO app - Testing coffee machine...
2025-05-21 14:29:47 - INFO app - Application closed
2025-05-21 14:36:13 - INFO app - Application closed
